#! /usr/bin/vvp
:ivl_version "11.0 (stable)";
:ivl_delay_selection "TYPICAL";
:vpi_time_precision - 11;
:vpi_module "/usr/lib/x86_64-linux-gnu/ivl/system.vpi";
:vpi_module "/usr/lib/x86_64-linux-gnu/ivl/vhdl_sys.vpi";
:vpi_module "/usr/lib/x86_64-linux-gnu/ivl/vhdl_textio.vpi";
:vpi_module "/usr/lib/x86_64-linux-gnu/ivl/v2005_math.vpi";
:vpi_module "/usr/lib/x86_64-linux-gnu/ivl/va_math.vpi";
S_0x55a0d408bd20 .scope module, "squrt_tb" "squrt_tb" 2 3;
 .timescale -9 -11;
v0x55a0d40eaa30_0 .var "clk", 0 0;
v0x55a0d40eab40_0 .var "delta", 31 0;
v0x55a0d40eac50_0 .var/i "i", 31 0;
v0x55a0d40eacf0_0 .var "n", 31 0;
v0x55a0d40eade0_0 .var "next", 0 0;
v0x55a0d40eaf20_0 .var "previous", 0 0;
v0x55a0d40eb010_0 .var "reset", 0 0;
S_0x55a0d408beb0 .scope module, "print" "printsqrt" 2 56, 3 1 0, S_0x55a0d408bd20;
 .timescale 0 0;
    .port_info 0 /INPUT 1 "RESET";
    .port_info 1 /INPUT 1 "PREVIOUS";
    .port_info 2 /INPUT 1 "NEXT";
    .port_info 3 /INPUT 1 "CLK";
    .port_info 4 /INPUT 32 "N";
    .port_info 5 /INPUT 32 "DELTA";
    .port_info 6 /INPUT 32 "i";
v0x55a0d40ea370_0 .net "CLK", 0 0, v0x55a0d40eaa30_0;  1 drivers
v0x55a0d40ea430_0 .net "DELTA", 31 0, v0x55a0d40eab40_0;  1 drivers
v0x55a0d40ea500_0 .net "N", 31 0, v0x55a0d40eacf0_0;  1 drivers
v0x55a0d40ea600_0 .net "NEXT", 0 0, v0x55a0d40eade0_0;  1 drivers
v0x55a0d40ea6d0_0 .net "PREVIOUS", 0 0, v0x55a0d40eaf20_0;  1 drivers
v0x55a0d40ea770_0 .net "RESET", 0 0, v0x55a0d40eb010_0;  1 drivers
v0x55a0d40ea840_0 .net "i", 31 0, v0x55a0d40eac50_0;  1 drivers
v0x55a0d40ea8e0_0 .net "m", 63 0, v0x55a0d40e9ff0_0;  1 drivers
S_0x55a0d40d0560 .scope module, "math" "sqrt" 3 5, 4 1 0, S_0x55a0d408beb0;
 .timescale 0 0;
    .port_info 0 /INPUT 1 "RESET";
    .port_info 1 /INPUT 1 "PREVIOUS";
    .port_info 2 /INPUT 1 "NEXT";
    .port_info 3 /INPUT 1 "CLK";
    .port_info 4 /INPUT 32 "N";
    .port_info 5 /INPUT 32 "DELTA";
    .port_info 6 /OUTPUT 64 "m";
v0x55a0d408d830_0 .net "CLK", 0 0, v0x55a0d40eaa30_0;  alias, 1 drivers
v0x55a0d408e190_0 .net "DELTA", 31 0, v0x55a0d40eab40_0;  alias, 1 drivers
v0x55a0d408df30_0 .net "N", 31 0, v0x55a0d40eacf0_0;  alias, 1 drivers
v0x55a0d40e9840_0 .net "NEXT", 0 0, v0x55a0d40eade0_0;  alias, 1 drivers
v0x55a0d40e9900_0 .net "PREVIOUS", 0 0, v0x55a0d40eaf20_0;  alias, 1 drivers
v0x55a0d40e9a10_0 .net "RESET", 0 0, v0x55a0d40eb010_0;  alias, 1 drivers
v0x55a0d40e9ad0_0 .var "current_sqrt", 63 0;
v0x55a0d40e9bb0_0 .var "delta", 31 0;
v0x55a0d40e9c90_0 .var "done", 0 0;
v0x55a0d40e9d50_0 .var "h", 31 0;
v0x55a0d40e9e30_0 .var "iterations", 4 0;
v0x55a0d40e9f10_0 .var "l", 31 0;
v0x55a0d40e9ff0_0 .var "m", 63 0;
v0x55a0d40ea0d0_0 .var "n", 31 0;
v0x55a0d40ea1b0_0 .var "sqrt", 31 0;
E_0x55a0d40ceed0 .event posedge, v0x55a0d408d830_0;
    .scope S_0x55a0d40d0560;
T_0 ;
    %wait E_0x55a0d40ceed0;
    %load/vec4 v0x55a0d40e9900_0;
    %load/vec4 v0x55a0d40e9840_0;
    %and;
    %flag_set/vec4 8;
    %jmp/0xz  T_0.0, 8;
    %load/vec4 v0x55a0d408df30_0;
    %store/vec4 v0x55a0d40ea0d0_0, 0, 32;
    %load/vec4 v0x55a0d408e190_0;
    %store/vec4 v0x55a0d40e9bb0_0, 0, 32;
    %pushi/vec4 0, 0, 5;
    %store/vec4 v0x55a0d40e9e30_0, 0, 5;
    %pushi/vec4 0, 0, 1;
    %store/vec4 v0x55a0d40e9c90_0, 0, 1;
    %load/vec4 v0x55a0d40ea0d0_0;
    %store/vec4 v0x55a0d40ea1b0_0, 0, 32;
T_0.0 ;
    %load/vec4 v0x55a0d40e9c90_0;
    %inv;
    %flag_set/vec4 8;
    %jmp/0xz  T_0.2, 8;
    %load/vec4 v0x55a0d40e9d50_0;
    %pad/u 64;
    %load/vec4 v0x55a0d40e9f10_0;
    %pad/u 64;
    %add;
    %pushi/vec4 2, 0, 64;
    %div;
    %store/vec4 v0x55a0d40e9ad0_0, 0, 64;
    %load/vec4 v0x55a0d40e9bb0_0;
    %cmpi/u 4294967264, 0, 32;
    %flag_inv 5; GE is !LT
    %jmp/0xz  T_0.4, 5;
    %load/vec4 v0x55a0d40ea0d0_0;
    %pad/u 64;
    %load/vec4 v0x55a0d40e9ad0_0;
    %load/vec4 v0x55a0d40e9ad0_0;
    %mul;
    %cmp/u;
    %jmp/0xz  T_0.6, 5;
    %load/vec4 v0x55a0d40e9ad0_0;
    %pad/u 32;
    %store/vec4 v0x55a0d40e9d50_0, 0, 32;
    %load/vec4 v0x55a0d408df30_0;
    %store/vec4 v0x55a0d40ea0d0_0, 0, 32;
    %load/vec4 v0x55a0d40e9bb0_0;
    %pushi/vec4 2, 0, 32;
    %div;
    %store/vec4 v0x55a0d40e9bb0_0, 0, 32;
    %jmp T_0.7;
T_0.6 ;
    %load/vec4 v0x55a0d40e9ad0_0;
    %pad/u 32;
    %store/vec4 v0x55a0d40e9f10_0, 0, 32;
    %load/vec4 v0x55a0d408df30_0;
    %store/vec4 v0x55a0d40ea0d0_0, 0, 32;
    %load/vec4 v0x55a0d40e9bb0_0;
    %pushi/vec4 2, 0, 32;
    %div;
    %store/vec4 v0x55a0d40e9bb0_0, 0, 32;
T_0.7 ;
T_0.4 ;
    %load/vec4 v0x55a0d40e9e30_0;
    %pad/u 32;
    %cmpi/e 17, 0, 32;
    %jmp/0xz  T_0.8, 4;
    %pushi/vec4 1, 0, 1;
    %store/vec4 v0x55a0d40e9c90_0, 0, 1;
    %pushi/vec4 0, 0, 5;
    %store/vec4 v0x55a0d40e9e30_0, 0, 5;
T_0.8 ;
    %load/vec4 v0x55a0d40e9a10_0;
    %flag_set/vec4 8;
    %jmp/0xz  T_0.10, 8;
    %pushi/vec4 1, 0, 32;
    %store/vec4 v0x55a0d40ea1b0_0, 0, 32;
    %pushi/vec4 1, 0, 1;
    %store/vec4 v0x55a0d40e9c90_0, 0, 1;
    %pushi/vec4 1, 0, 32;
    %store/vec4 v0x55a0d40e9bb0_0, 0, 32;
    %pushi/vec4 1, 0, 64;
    %store/vec4 v0x55a0d40e9ad0_0, 0, 64;
T_0.10 ;
    %load/vec4 v0x55a0d40e9840_0;
    %flag_set/vec4 8;
    %jmp/0xz  T_0.12, 8;
    %load/vec4 v0x55a0d40ea1b0_0;
    %load/vec4 v0x55a0d40e9bb0_0;
    %add;
    %store/vec4 v0x55a0d40e9d50_0, 0, 32;
    %load/vec4 v0x55a0d40ea1b0_0;
    %store/vec4 v0x55a0d40e9f10_0, 0, 32;
    %load/vec4 v0x55a0d40ea0d0_0;
    %addi 1, 0, 32;
    %store/vec4 v0x55a0d40ea0d0_0, 0, 32;
    %load/vec4 v0x55a0d40e9bb0_0;
    %store/vec4 v0x55a0d40e9bb0_0, 0, 32;
    %load/vec4 v0x55a0d40ea0d0_0;
    %addi 1, 0, 32;
    %store/vec4 v0x55a0d40ea1b0_0, 0, 32;
T_0.12 ;
    %load/vec4 v0x55a0d40e9900_0;
    %flag_set/vec4 8;
    %jmp/0xz  T_0.14, 8;
    %load/vec4 v0x55a0d40ea1b0_0;
    %store/vec4 v0x55a0d40e9d50_0, 0, 32;
    %load/vec4 v0x55a0d40ea1b0_0;
    %load/vec4 v0x55a0d40e9bb0_0;
    %sub;
    %store/vec4 v0x55a0d40e9f10_0, 0, 32;
    %load/vec4 v0x55a0d40ea0d0_0;
    %subi 1, 0, 32;
    %store/vec4 v0x55a0d40ea0d0_0, 0, 32;
    %load/vec4 v0x55a0d40e9bb0_0;
    %store/vec4 v0x55a0d40e9bb0_0, 0, 32;
    %load/vec4 v0x55a0d40ea0d0_0;
    %subi 1, 0, 32;
    %store/vec4 v0x55a0d40ea1b0_0, 0, 32;
T_0.14 ;
    %load/vec4 v0x55a0d40e9ad0_0;
    %store/vec4 v0x55a0d40e9ff0_0, 0, 64;
    %load/vec4 v0x55a0d40e9e30_0;
    %addi 1, 0, 5;
    %store/vec4 v0x55a0d40e9e30_0, 0, 5;
T_0.2 ;
    %jmp T_0;
    .thread T_0;
    .scope S_0x55a0d408beb0;
T_1 ;
    %wait E_0x55a0d40ceed0;
    %load/vec4 v0x55a0d40ea840_0;
    %cmpi/u 200, 0, 32;
    %jmp/0xz  T_1.0, 5;
    %vpi_call 3 11 "$display", "m = %f", v0x55a0d40ea8e0_0 {0 0 0};
T_1.0 ;
    %jmp T_1;
    .thread T_1;
    .scope S_0x55a0d408bd20;
T_2 ;
    %pushi/vec4 0, 0, 1;
    %store/vec4 v0x55a0d40eaa30_0, 0, 1;
    %pushi/vec4 1, 0, 32;
    %store/vec4 v0x55a0d40eacf0_0, 0, 32;
    %pushi/vec4 1, 0, 32;
    %store/vec4 v0x55a0d40eab40_0, 0, 32;
    %pushi/vec4 0, 0, 1;
    %store/vec4 v0x55a0d40eb010_0, 0, 1;
    %pushi/vec4 1, 0, 1;
    %store/vec4 v0x55a0d40eade0_0, 0, 1;
    %pushi/vec4 1, 0, 1;
    %store/vec4 v0x55a0d40eaf20_0, 0, 1;
    %vpi_call 2 22 "$dumpfile", "sqrt_tb.vcd" {0 0 0};
    %vpi_call 2 23 "$dumpvars" {0 0 0};
    %pushi/vec4 0, 0, 32;
    %store/vec4 v0x55a0d40eac50_0, 0, 32;
T_2.0 ;
    %load/vec4 v0x55a0d40eac50_0;
    %cmpi/s 200, 0, 32;
    %jmp/0xz T_2.1, 5;
    %load/vec4 v0x55a0d40eaa30_0;
    %inv;
    %store/vec4 v0x55a0d40eaa30_0, 0, 1;
    %delay 1000, 0;
    %load/vec4 v0x55a0d40eac50_0;
    %cmpi/s 1, 0, 32;
    %flag_or 5, 4; GT is !LE
    %flag_inv 5;
    %jmp/0xz  T_2.2, 5;
    %pushi/vec4 0, 0, 1;
    %store/vec4 v0x55a0d40eaf20_0, 0, 1;
T_2.2 ;
    %load/vec4 v0x55a0d40eac50_0;
    %addi 1, 0, 32;
    %store/vec4 v0x55a0d40eac50_0, 0, 32;
    %jmp T_2.0;
T_2.1 ;
    %end;
    .thread T_2;
# The file index is used to find the file name in the following table.
:file_names 5;
    "N/A";
    "<interactive>";
    "sqrt_tb.sv";
    "printsqrt.sv";
    "sqrt.sv";
