#! /usr/bin/vvp
:ivl_version "11.0 (stable)";
:ivl_delay_selection "TYPICAL";
:vpi_time_precision + 0;
:vpi_module "/usr/lib/x86_64-linux-gnu/ivl/system.vpi";
:vpi_module "/usr/lib/x86_64-linux-gnu/ivl/vhdl_sys.vpi";
:vpi_module "/usr/lib/x86_64-linux-gnu/ivl/vhdl_textio.vpi";
:vpi_module "/usr/lib/x86_64-linux-gnu/ivl/v2005_math.vpi";
:vpi_module "/usr/lib/x86_64-linux-gnu/ivl/va_math.vpi";
S_0x55a00aaf5dc0 .scope module, "steppermotor" "steppermotor" 2 1;
 .timescale 0 0;
    .port_info 0 /INPUT 1 "dir";
    .port_info 1 /INPUT 1 "enable";
    .port_info 2 /INPUT 1 "pulse";
    .port_info 3 /INPUT 32 "distance";
v0x55a00aaf7830_0 .var "A", 0 0;
v0x55a00aaf8190_0 .var "B", 0 0;
v0x55a00aaf7f30_0 .var "C", 0 0;
v0x55a00ab477b0_0 .var "D", 0 0;
o0x7f4e73def0d8 .functor BUFZ 1, C4<z>; HiZ drive
v0x55a00ab47870_0 .net "dir", 0 0, o0x7f4e73def0d8;  0 drivers
o0x7f4e73def108 .functor BUFZ 32, C4<zzzzzzzzzzzzzzzzzzzzzzzzzzzzzzzz>; HiZ drive
v0x55a00ab47980_0 .net/s "distance", 31 0, o0x7f4e73def108;  0 drivers
o0x7f4e73def138 .functor BUFZ 1, C4<z>; HiZ drive
v0x55a00ab47a60_0 .net "enable", 0 0, o0x7f4e73def138;  0 drivers
v0x55a00ab47b20_0 .var "p", 3 0;
o0x7f4e73def198 .functor BUFZ 1, C4<z>; HiZ drive
v0x55a00ab47c00_0 .net "pulse", 0 0, o0x7f4e73def198;  0 drivers
v0x55a00ab47cc0_0 .var "steps", 31 0;
E_0x55a00aaf65d0 .event edge, v0x55a00ab47c00_0;
    .scope S_0x55a00aaf5dc0;
T_0 ;
    %pushi/vec4 0, 0, 32;
    %store/vec4 v0x55a00ab47cc0_0, 0, 32;
    %pushi/vec4 0, 0, 4;
    %store/vec4 v0x55a00ab47b20_0, 0, 4;
    %end;
    .thread T_0;
    .scope S_0x55a00aaf5dc0;
T_1 ;
    %wait E_0x55a00aaf65d0;
    %load/vec4 v0x55a00ab47cc0_0;
    %load/vec4 v0x55a00ab47980_0;
    %cmp/ne;
    %jmp/0xz  T_1.0, 4;
    %load/vec4 v0x55a00ab47b20_0;
    %pad/u 32;
    %cmpi/e 4, 0, 32;
    %jmp/0xz  T_1.2, 4;
    %pushi/vec4 0, 0, 4;
    %store/vec4 v0x55a00ab47b20_0, 0, 4;
    %load/vec4 v0x55a00ab47cc0_0;
    %addi 1, 0, 32;
    %store/vec4 v0x55a00ab47cc0_0, 0, 32;
T_1.2 ;
    %load/vec4 v0x55a00ab47a60_0;
    %load/vec4 v0x55a00ab47870_0;
    %and;
    %flag_set/vec4 8;
    %jmp/0xz  T_1.4, 8;
    %load/vec4 v0x55a00ab47b20_0;
    %dup/vec4;
    %pushi/vec4 0, 0, 4;
    %cmp/u;
    %jmp/1 T_1.6, 6;
    %dup/vec4;
    %pushi/vec4 1, 0, 4;
    %cmp/u;
    %jmp/1 T_1.7, 6;
    %dup/vec4;
    %pushi/vec4 2, 0, 4;
    %cmp/u;
    %jmp/1 T_1.8, 6;
    %dup/vec4;
    %pushi/vec4 3, 0, 4;
    %cmp/u;
    %jmp/1 T_1.9, 6;
    %pushi/vec4 0, 0, 4;
    %split/vec4 1;
    %store/vec4 v0x55a00ab477b0_0, 0, 1;
    %split/vec4 1;
    %store/vec4 v0x55a00aaf7f30_0, 0, 1;
    %split/vec4 1;
    %store/vec4 v0x55a00aaf8190_0, 0, 1;
    %store/vec4 v0x55a00aaf7830_0, 0, 1;
    %jmp T_1.11;
T_1.6 ;
    %pushi/vec4 9, 0, 4;
    %split/vec4 1;
    %store/vec4 v0x55a00ab477b0_0, 0, 1;
    %split/vec4 1;
    %store/vec4 v0x55a00aaf7f30_0, 0, 1;
    %split/vec4 1;
    %store/vec4 v0x55a00aaf8190_0, 0, 1;
    %store/vec4 v0x55a00aaf7830_0, 0, 1;
    %jmp T_1.11;
T_1.7 ;
    %pushi/vec4 12, 0, 4;
    %split/vec4 1;
    %store/vec4 v0x55a00ab477b0_0, 0, 1;
    %split/vec4 1;
    %store/vec4 v0x55a00aaf7f30_0, 0, 1;
    %split/vec4 1;
    %store/vec4 v0x55a00aaf8190_0, 0, 1;
    %store/vec4 v0x55a00aaf7830_0, 0, 1;
    %jmp T_1.11;
T_1.8 ;
    %pushi/vec4 6, 0, 4;
    %split/vec4 1;
    %store/vec4 v0x55a00ab477b0_0, 0, 1;
    %split/vec4 1;
    %store/vec4 v0x55a00aaf7f30_0, 0, 1;
    %split/vec4 1;
    %store/vec4 v0x55a00aaf8190_0, 0, 1;
    %store/vec4 v0x55a00aaf7830_0, 0, 1;
    %jmp T_1.11;
T_1.9 ;
    %pushi/vec4 3, 0, 4;
    %split/vec4 1;
    %store/vec4 v0x55a00ab477b0_0, 0, 1;
    %split/vec4 1;
    %store/vec4 v0x55a00aaf7f30_0, 0, 1;
    %split/vec4 1;
    %store/vec4 v0x55a00aaf8190_0, 0, 1;
    %store/vec4 v0x55a00aaf7830_0, 0, 1;
    %jmp T_1.11;
T_1.11 ;
    %pop/vec4 1;
T_1.4 ;
    %load/vec4 v0x55a00ab47a60_0;
    %load/vec4 v0x55a00ab47870_0;
    %inv;
    %and;
    %flag_set/vec4 8;
    %jmp/0xz  T_1.12, 8;
    %load/vec4 v0x55a00ab47b20_0;
    %dup/vec4;
    %pushi/vec4 0, 0, 4;
    %cmp/u;
    %jmp/1 T_1.14, 6;
    %dup/vec4;
    %pushi/vec4 1, 0, 4;
    %cmp/u;
    %jmp/1 T_1.15, 6;
    %dup/vec4;
    %pushi/vec4 2, 0, 4;
    %cmp/u;
    %jmp/1 T_1.16, 6;
    %dup/vec4;
    %pushi/vec4 3, 0, 4;
    %cmp/u;
    %jmp/1 T_1.17, 6;
    %pushi/vec4 0, 0, 4;
    %split/vec4 1;
    %store/vec4 v0x55a00ab477b0_0, 0, 1;
    %split/vec4 1;
    %store/vec4 v0x55a00aaf7f30_0, 0, 1;
    %split/vec4 1;
    %store/vec4 v0x55a00aaf8190_0, 0, 1;
    %store/vec4 v0x55a00aaf7830_0, 0, 1;
    %jmp T_1.19;
T_1.14 ;
    %pushi/vec4 9, 0, 4;
    %split/vec4 1;
    %store/vec4 v0x55a00aaf7830_0, 0, 1;
    %split/vec4 1;
    %store/vec4 v0x55a00aaf8190_0, 0, 1;
    %split/vec4 1;
    %store/vec4 v0x55a00aaf7f30_0, 0, 1;
    %store/vec4 v0x55a00ab477b0_0, 0, 1;
    %jmp T_1.19;
T_1.15 ;
    %pushi/vec4 12, 0, 4;
    %split/vec4 1;
    %store/vec4 v0x55a00aaf7830_0, 0, 1;
    %split/vec4 1;
    %store/vec4 v0x55a00aaf8190_0, 0, 1;
    %split/vec4 1;
    %store/vec4 v0x55a00aaf7f30_0, 0, 1;
    %store/vec4 v0x55a00ab477b0_0, 0, 1;
    %jmp T_1.19;
T_1.16 ;
    %pushi/vec4 6, 0, 4;
    %split/vec4 1;
    %store/vec4 v0x55a00aaf7830_0, 0, 1;
    %split/vec4 1;
    %store/vec4 v0x55a00aaf8190_0, 0, 1;
    %split/vec4 1;
    %store/vec4 v0x55a00aaf7f30_0, 0, 1;
    %store/vec4 v0x55a00ab477b0_0, 0, 1;
    %jmp T_1.19;
T_1.17 ;
    %pushi/vec4 3, 0, 4;
    %split/vec4 1;
    %store/vec4 v0x55a00aaf7830_0, 0, 1;
    %split/vec4 1;
    %store/vec4 v0x55a00aaf8190_0, 0, 1;
    %split/vec4 1;
    %store/vec4 v0x55a00aaf7f30_0, 0, 1;
    %store/vec4 v0x55a00ab477b0_0, 0, 1;
    %jmp T_1.19;
T_1.19 ;
    %pop/vec4 1;
T_1.12 ;
T_1.0 ;
    %load/vec4 v0x55a00ab47a60_0;
    %inv;
    %flag_set/vec4 8;
    %load/vec4 v0x55a00ab47cc0_0;
    %load/vec4 v0x55a00ab47980_0;
    %cmp/e;
    %flag_or 4, 8;
    %jmp/0xz  T_1.20, 4;
    %pushi/vec4 0, 0, 4;
    %split/vec4 1;
    %store/vec4 v0x55a00ab477b0_0, 0, 1;
    %split/vec4 1;
    %store/vec4 v0x55a00aaf7f30_0, 0, 1;
    %split/vec4 1;
    %store/vec4 v0x55a00aaf8190_0, 0, 1;
    %store/vec4 v0x55a00aaf7830_0, 0, 1;
    %pushi/vec4 0, 0, 4;
    %store/vec4 v0x55a00ab47b20_0, 0, 4;
T_1.20 ;
    %load/vec4 v0x55a00ab47b20_0;
    %addi 1, 0, 4;
    %store/vec4 v0x55a00ab47b20_0, 0, 4;
    %jmp T_1;
    .thread T_1, $push;
# The file index is used to find the file name in the following table.
:file_names 3;
    "N/A";
    "<interactive>";
    "steppermotor.sv";
