#! /usr/bin/vvp
:ivl_version "11.0 (stable)";
:ivl_delay_selection "TYPICAL";
:vpi_time_precision - 11;
:vpi_module "/usr/lib/x86_64-linux-gnu/ivl/system.vpi";
:vpi_module "/usr/lib/x86_64-linux-gnu/ivl/vhdl_sys.vpi";
:vpi_module "/usr/lib/x86_64-linux-gnu/ivl/vhdl_textio.vpi";
:vpi_module "/usr/lib/x86_64-linux-gnu/ivl/v2005_math.vpi";
:vpi_module "/usr/lib/x86_64-linux-gnu/ivl/va_math.vpi";
S_0x55c1538a0c60 .scope module, "station_if_tb" "station_if_tb" 2 2;
 .timescale -9 -11;
o0x7fbbd34cf978 .functor BUFZ 1, C4<z>; HiZ drive
v0x55c1538d6fb0_0 .net "Y", 0 0, o0x7fbbd34cf978;  0 drivers
v0x55c1538d7070_0 .var "clk", 0 0;
v0x55c1538d7110_0 .var "code", 3 0;
v0x55c1538d71e0_0 .var "enable", 0 0;
v0x55c1538d72b0_0 .var/i "i", 31 0;
v0x55c1538d7350_0 .var "reset", 0 0;
S_0x55c1538a0df0 .scope module, "uut" "station_if" 2 28, 3 1 0, S_0x55c1538a0c60;
 .timescale 0 0;
    .port_info 0 /INPUT 1 "reset";
    .port_info 1 /INPUT 1 "clk";
    .port_info 2 /INPUT 1 "enable";
    .port_info 3 /INPUT 4 "code";
    .port_info 4 /OUTPUT 1 "Y";
v0x55c1538d61f0_0 .net "Y", 0 0, o0x7fbbd34cf978;  alias, 0 drivers
v0x55c1538d62d0_0 .var "beep", 1 0;
v0x55c1538d63b0_0 .net "beepstate", 0 0, v0x55c153899d50_0;  1 drivers
v0x55c1538d6480_0 .net "clk", 0 0, v0x55c1538d7070_0;  1 drivers
v0x55c1538d6520_0 .net "cm", 3 0, L_0x55c1538d7fe0;  1 drivers
v0x55c1538d65c0_0 .net "code", 3 0, v0x55c1538d7110_0;  1 drivers
v0x55c1538d66b0_0 .var "db", 1 0;
v0x55c1538d6770_0 .net "dbstate", 0 0, v0x55c1538d3f30_0;  1 drivers
v0x55c1538d6860_0 .net "enable", 0 0, v0x55c1538d71e0_0;  1 drivers
v0x55c1538d69b0_0 .var "led", 1 0;
v0x55c1538d6a90_0 .net "ledlights", 0 0, v0x55c1538d5590_0;  1 drivers
v0x55c1538d6b30_0 .var "ns", 1 0;
v0x55c1538d6bf0_0 .var "ps", 1 0;
v0x55c1538d6cb0_0 .net "reset", 0 0, v0x55c1538d7350_0;  1 drivers
v0x55c1538d6d50_0 .var "scan", 1 0;
v0x55c1538d6e30_0 .net "scanner", 0 0, v0x55c1538d5df0_0;  1 drivers
L_0x55c1538d8500 .part L_0x55c1538d7fe0, 0, 1;
L_0x55c1538d85a0 .part L_0x55c1538d7fe0, 1, 1;
L_0x55c1538d8640 .part L_0x55c1538d7fe0, 2, 1;
L_0x55c1538d86e0 .part L_0x55c1538d7fe0, 3, 1;
S_0x55c1538a32d0 .scope module, "beeper" "beep" 3 37, 4 1 0, S_0x55c1538a0df0;
 .timescale 0 0;
    .port_info 0 /INPUT 1 "clk";
    .port_info 1 /INPUT 1 "enable";
    .port_info 2 /OUTPUT 1 "Y";
v0x55c153899d50_0 .var "Y", 0 0;
v0x55c15388d410_0 .net "clk", 0 0, v0x55c1538d7070_0;  alias, 1 drivers
v0x55c1538982d0_0 .var "delay", 5 0;
v0x55c1538d38f0_0 .net "enable", 0 0, L_0x55c1538d85a0;  1 drivers
E_0x55c15389ee70 .event posedge, v0x55c15388d410_0;
S_0x55c1538d3a30 .scope module, "dbs" "database" 3 38, 5 1 0, S_0x55c1538a0df0;
 .timescale 0 0;
    .port_info 0 /INPUT 1 "clk";
    .port_info 1 /INPUT 1 "enable";
    .port_info 2 /INPUT 4 "code";
    .port_info 3 /OUTPUT 1 "done";
v0x55c1538d3c30 .array "ROM", 0 15, 3 0;
v0x55c1538d3d10_0 .var "checksum", 3 0;
v0x55c1538d3df0_0 .net "clk", 0 0, v0x55c1538d7070_0;  alias, 1 drivers
v0x55c1538d3e90_0 .net "code", 3 0, v0x55c1538d7110_0;  alias, 1 drivers
v0x55c1538d3f30_0 .var "done", 0 0;
v0x55c1538d4040_0 .net "enable", 0 0, L_0x55c1538d8640;  1 drivers
E_0x55c15389e6c0 .event edge, v0x55c15388d410_0;
S_0x55c1538d4180 .scope module, "decoder" "decoder_2x4" 3 35, 6 1 0, S_0x55c1538a0df0;
 .timescale 0 0;
    .port_info 0 /INPUT 2 "ps";
    .port_info 1 /OUTPUT 4 "y";
L_0x55c1538d7510 .functor NOT 1, L_0x55c1538d73f0, C4<0>, C4<0>, C4<0>;
L_0x55c1538d7670 .functor NOT 1, L_0x55c1538d75d0, C4<0>, C4<0>, C4<0>;
L_0x55c1538d7760 .functor AND 1, L_0x55c1538d7510, L_0x55c1538d7670, C4<1>, C4<1>;
L_0x55c1538d79a0 .functor NOT 1, L_0x55c1538d7870, C4<0>, C4<0>, C4<0>;
L_0x55c1538d7b10 .functor AND 1, L_0x55c1538d79a0, L_0x55c1538d7a40, C4<1>, C4<1>;
L_0x55c1538d7dd0 .functor NOT 1, L_0x55c1538d7cf0, C4<0>, C4<0>, C4<0>;
L_0x55c1538d7ed0 .functor AND 1, L_0x55c1538d7c50, L_0x55c1538d7dd0, C4<1>, C4<1>;
L_0x55c1538d8350 .functor AND 1, L_0x55c1538d81c0, L_0x55c1538d82b0, C4<1>, C4<1>;
v0x55c1538d4360_0 .net *"_ivl_10", 0 0, L_0x55c1538d7760;  1 drivers
v0x55c1538d4460_0 .net *"_ivl_15", 0 0, L_0x55c1538d7870;  1 drivers
v0x55c1538d4540_0 .net *"_ivl_16", 0 0, L_0x55c1538d79a0;  1 drivers
v0x55c1538d4630_0 .net *"_ivl_19", 0 0, L_0x55c1538d7a40;  1 drivers
v0x55c1538d4710_0 .net *"_ivl_20", 0 0, L_0x55c1538d7b10;  1 drivers
v0x55c1538d4840_0 .net *"_ivl_25", 0 0, L_0x55c1538d7c50;  1 drivers
v0x55c1538d4920_0 .net *"_ivl_27", 0 0, L_0x55c1538d7cf0;  1 drivers
v0x55c1538d4a00_0 .net *"_ivl_28", 0 0, L_0x55c1538d7dd0;  1 drivers
v0x55c1538d4ae0_0 .net *"_ivl_3", 0 0, L_0x55c1538d73f0;  1 drivers
v0x55c1538d4bc0_0 .net *"_ivl_30", 0 0, L_0x55c1538d7ed0;  1 drivers
v0x55c1538d4ca0_0 .net *"_ivl_36", 0 0, L_0x55c1538d81c0;  1 drivers
v0x55c1538d4d80_0 .net *"_ivl_38", 0 0, L_0x55c1538d82b0;  1 drivers
v0x55c1538d4e60_0 .net *"_ivl_39", 0 0, L_0x55c1538d8350;  1 drivers
v0x55c1538d4f40_0 .net *"_ivl_4", 0 0, L_0x55c1538d7510;  1 drivers
v0x55c1538d5020_0 .net *"_ivl_7", 0 0, L_0x55c1538d75d0;  1 drivers
v0x55c1538d5100_0 .net *"_ivl_8", 0 0, L_0x55c1538d7670;  1 drivers
v0x55c1538d51e0_0 .net "ps", 1 0, v0x55c1538d6bf0_0;  1 drivers
v0x55c1538d52c0_0 .net "y", 3 0, L_0x55c1538d7fe0;  alias, 1 drivers
L_0x55c1538d73f0 .part v0x55c1538d6bf0_0, 0, 1;
L_0x55c1538d75d0 .part v0x55c1538d6bf0_0, 1, 1;
L_0x55c1538d7870 .part v0x55c1538d6bf0_0, 0, 1;
L_0x55c1538d7a40 .part v0x55c1538d6bf0_0, 1, 1;
L_0x55c1538d7c50 .part v0x55c1538d6bf0_0, 0, 1;
L_0x55c1538d7cf0 .part v0x55c1538d6bf0_0, 1, 1;
L_0x55c1538d7fe0 .concat8 [ 1 1 1 1], L_0x55c1538d7760, L_0x55c1538d7b10, L_0x55c1538d7ed0, L_0x55c1538d8350;
L_0x55c1538d81c0 .part v0x55c1538d6bf0_0, 0, 1;
L_0x55c1538d82b0 .part v0x55c1538d6bf0_0, 1, 1;
S_0x55c1538d5400 .scope module, "leds" "LED" 3 39, 7 1 0, S_0x55c1538a0df0;
 .timescale 0 0;
    .port_info 0 /INPUT 1 "clk";
    .port_info 1 /INPUT 1 "enable";
    .port_info 2 /INPUT 1 "dbstate";
    .port_info 3 /OUTPUT 1 "Y";
v0x55c1538d5590_0 .var "Y", 0 0;
v0x55c1538d5650_0 .net "clk", 0 0, v0x55c1538d7070_0;  alias, 1 drivers
v0x55c1538d5760_0 .net "dbstate", 0 0, v0x55c1538d3f30_0;  alias, 1 drivers
v0x55c1538d5830_0 .net "enable", 0 0, L_0x55c1538d86e0;  1 drivers
v0x55c1538d58d0_0 .var "led", 1 0;
S_0x55c1538d5a40 .scope module, "scanmod" "scanner" 3 36, 8 1 0, S_0x55c1538a0df0;
 .timescale 0 0;
    .port_info 0 /INPUT 1 "clk";
    .port_info 1 /INPUT 1 "enable";
    .port_info 2 /INPUT 4 "code";
    .port_info 3 /OUTPUT 1 "code_valid";
v0x55c1538d5c70_0 .net "clk", 0 0, v0x55c1538d7070_0;  alias, 1 drivers
v0x55c1538d5d30_0 .net "code", 3 0, v0x55c1538d7110_0;  alias, 1 drivers
v0x55c1538d5df0_0 .var "code_valid", 0 0;
v0x55c1538d5ec0_0 .net "enable", 0 0, L_0x55c1538d8500;  1 drivers
v0x55c1538d5f60_0 .var "hardcopy", 3 0;
v0x55c1538d6090_0 .var "validation", 3 0;
    .scope S_0x55c1538d5a40;
T_0 ;
    %wait E_0x55c15389ee70;
    %load/vec4 v0x55c1538d5ec0_0;
    %flag_set/vec4 8;
    %jmp/0xz  T_0.0, 8;
    %load/vec4 v0x55c1538d5d30_0;
    %load/vec4 v0x55c1538d5f60_0;
    %part/u 1;
    %ix/getv 4, v0x55c1538d5f60_0;
    %store/vec4 v0x55c1538d6090_0, 4, 1;
    %load/vec4 v0x55c1538d6090_0;
    %load/vec4 v0x55c1538d5f60_0;
    %part/u 1;
    %cmpi/e 1, 1, 1;
    %jmp/0xz  T_0.2, 4;
    %pushi/vec4 0, 0, 1;
    %store/vec4 v0x55c1538d5df0_0, 0, 1;
    %jmp T_0.3;
T_0.2 ;
    %load/vec4 v0x55c1538d5f60_0;
    %pad/u 32;
    %cmpi/e 4, 0, 32;
    %jmp/0xz  T_0.4, 4;
    %pushi/vec4 1, 0, 1;
    %store/vec4 v0x55c1538d5df0_0, 0, 1;
T_0.4 ;
    %load/vec4 v0x55c1538d5f60_0;
    %addi 1, 0, 4;
    %store/vec4 v0x55c1538d5f60_0, 0, 4;
T_0.3 ;
    %jmp T_0.1;
T_0.0 ;
    %pushi/vec4 0, 0, 4;
    %store/vec4 v0x55c1538d5f60_0, 0, 4;
    %pushi/vec4 0, 0, 1;
    %store/vec4 v0x55c1538d5df0_0, 0, 1;
T_0.1 ;
    %jmp T_0;
    .thread T_0;
    .scope S_0x55c1538a32d0;
T_1 ;
    %wait E_0x55c15389ee70;
    %load/vec4 v0x55c1538d38f0_0;
    %flag_set/vec4 8;
    %jmp/0xz  T_1.0, 8;
    %load/vec4 v0x55c1538982d0_0;
    %addi 1, 0, 6;
    %store/vec4 v0x55c1538982d0_0, 0, 6;
    %load/vec4 v0x55c1538982d0_0;
    %pad/u 32;
    %cmpi/e 50, 0, 32;
    %jmp/0xz  T_1.2, 4;
    %pushi/vec4 1, 0, 1;
    %store/vec4 v0x55c153899d50_0, 0, 1;
T_1.2 ;
    %jmp T_1.1;
T_1.0 ;
    %pushi/vec4 0, 0, 6;
    %store/vec4 v0x55c1538982d0_0, 0, 6;
    %pushi/vec4 0, 0, 1;
    %store/vec4 v0x55c153899d50_0, 0, 1;
T_1.1 ;
    %jmp T_1;
    .thread T_1;
    .scope S_0x55c1538d3a30;
T_2 ;
    %pushi/vec4 0, 0, 4;
    %store/vec4 v0x55c1538d3d10_0, 0, 4;
    %end;
    .thread T_2;
    .scope S_0x55c1538d3a30;
T_3 ;
    %wait E_0x55c15389e6c0;
    %load/vec4 v0x55c1538d4040_0;
    %flag_set/vec4 8;
    %jmp/0xz  T_3.0, 8;
    %pushi/vec4 0, 0, 4;
    %ix/load 4, 0, 0;
    %flag_set/imm 4, 0;
    %store/vec4a v0x55c1538d3c30, 4, 0;
    %pushi/vec4 1, 0, 4;
    %ix/load 4, 1, 0;
    %flag_set/imm 4, 0;
    %store/vec4a v0x55c1538d3c30, 4, 0;
    %pushi/vec4 2, 0, 4;
    %ix/load 4, 2, 0;
    %flag_set/imm 4, 0;
    %store/vec4a v0x55c1538d3c30, 4, 0;
    %pushi/vec4 3, 0, 4;
    %ix/load 4, 3, 0;
    %flag_set/imm 4, 0;
    %store/vec4a v0x55c1538d3c30, 4, 0;
    %pushi/vec4 4, 0, 4;
    %ix/load 4, 4, 0;
    %flag_set/imm 4, 0;
    %store/vec4a v0x55c1538d3c30, 4, 0;
    %pushi/vec4 5, 0, 4;
    %ix/load 4, 5, 0;
    %flag_set/imm 4, 0;
    %store/vec4a v0x55c1538d3c30, 4, 0;
    %pushi/vec4 6, 0, 4;
    %ix/load 4, 6, 0;
    %flag_set/imm 4, 0;
    %store/vec4a v0x55c1538d3c30, 4, 0;
    %pushi/vec4 7, 0, 4;
    %ix/load 4, 7, 0;
    %flag_set/imm 4, 0;
    %store/vec4a v0x55c1538d3c30, 4, 0;
    %pushi/vec4 8, 0, 4;
    %ix/load 4, 8, 0;
    %flag_set/imm 4, 0;
    %store/vec4a v0x55c1538d3c30, 4, 0;
    %pushi/vec4 9, 0, 4;
    %ix/load 4, 9, 0;
    %flag_set/imm 4, 0;
    %store/vec4a v0x55c1538d3c30, 4, 0;
    %pushi/vec4 10, 0, 4;
    %ix/load 4, 10, 0;
    %flag_set/imm 4, 0;
    %store/vec4a v0x55c1538d3c30, 4, 0;
    %pushi/vec4 11, 0, 4;
    %ix/load 4, 11, 0;
    %flag_set/imm 4, 0;
    %store/vec4a v0x55c1538d3c30, 4, 0;
    %pushi/vec4 12, 0, 4;
    %ix/load 4, 12, 0;
    %flag_set/imm 4, 0;
    %store/vec4a v0x55c1538d3c30, 4, 0;
    %pushi/vec4 13, 0, 4;
    %ix/load 4, 13, 0;
    %flag_set/imm 4, 0;
    %store/vec4a v0x55c1538d3c30, 4, 0;
    %pushi/vec4 14, 0, 4;
    %ix/load 4, 14, 0;
    %flag_set/imm 4, 0;
    %store/vec4a v0x55c1538d3c30, 4, 0;
    %pushi/vec4 15, 0, 4;
    %ix/load 4, 15, 0;
    %flag_set/imm 4, 0;
    %store/vec4a v0x55c1538d3c30, 4, 0;
    %load/vec4 v0x55c1538d3d10_0;
    %pad/u 32;
    %cmpi/e 15, 0, 32;
    %jmp/0xz  T_3.2, 4;
    %pushi/vec4 0, 0, 4;
    %assign/vec4 v0x55c1538d3d10_0, 0;
    %jmp T_3.3;
T_3.2 ;
    %load/vec4 v0x55c1538d3d10_0;
    %addi 1, 0, 4;
    %store/vec4 v0x55c1538d3d10_0, 0, 4;
T_3.3 ;
    %load/vec4 v0x55c1538d3e90_0;
    %load/vec4 v0x55c1538d3d10_0;
    %pad/u 6;
    %ix/vec4 4;
    %load/vec4a v0x55c1538d3c30, 4;
    %cmp/e;
    %jmp/0xz  T_3.4, 4;
    %pushi/vec4 1, 0, 1;
    %store/vec4 v0x55c1538d3f30_0, 0, 1;
    %jmp T_3.5;
T_3.4 ;
    %pushi/vec4 0, 0, 1;
    %store/vec4 v0x55c1538d3f30_0, 0, 1;
T_3.5 ;
T_3.0 ;
    %jmp T_3;
    .thread T_3, $push;
    .scope S_0x55c1538d5400;
T_4 ;
    %wait E_0x55c15389ee70;
    %load/vec4 v0x55c1538d5830_0;
    %flag_set/vec4 8;
    %jmp/0xz  T_4.0, 8;
    %load/vec4 v0x55c1538d5760_0;
    %dup/vec4;
    %pushi/vec4 0, 0, 1;
    %cmp/u;
    %jmp/1 T_4.2, 6;
    %dup/vec4;
    %pushi/vec4 1, 0, 1;
    %cmp/u;
    %jmp/1 T_4.3, 6;
    %jmp T_4.4;
T_4.2 ;
    %pushi/vec4 4, 0, 3;
    %split/vec4 1;
    %store/vec4 v0x55c1538d5590_0, 0, 1;
    %split/vec4 1;
    %ix/load 4, 0, 0;
    %flag_set/imm 4, 0;
    %store/vec4 v0x55c1538d58d0_0, 4, 1;
    %ix/load 4, 1, 0;
    %flag_set/imm 4, 0;
    %store/vec4 v0x55c1538d58d0_0, 4, 1;
    %jmp T_4.4;
T_4.3 ;
    %pushi/vec4 5, 0, 3;
    %split/vec4 1;
    %store/vec4 v0x55c1538d5590_0, 0, 1;
    %split/vec4 1;
    %ix/load 4, 1, 0;
    %flag_set/imm 4, 0;
    %store/vec4 v0x55c1538d58d0_0, 4, 1;
    %ix/load 4, 0, 0;
    %flag_set/imm 4, 0;
    %store/vec4 v0x55c1538d58d0_0, 4, 1;
    %jmp T_4.4;
T_4.4 ;
    %pop/vec4 1;
T_4.0 ;
    %jmp T_4;
    .thread T_4;
    .scope S_0x55c1538a0df0;
T_5 ;
    %pushi/vec4 0, 0, 2;
    %store/vec4 v0x55c1538d6d50_0, 0, 2;
    %pushi/vec4 2, 0, 2;
    %store/vec4 v0x55c1538d62d0_0, 0, 2;
    %pushi/vec4 1, 0, 2;
    %store/vec4 v0x55c1538d66b0_0, 0, 2;
    %pushi/vec4 3, 0, 2;
    %store/vec4 v0x55c1538d69b0_0, 0, 2;
    %end;
    .thread T_5;
    .scope S_0x55c1538a0df0;
T_6 ;
    %wait E_0x55c15389e6c0;
    %load/vec4 v0x55c1538d6cb0_0;
    %flag_set/vec4 8;
    %jmp/0xz  T_6.0, 8;
    %load/vec4 v0x55c1538d6d50_0;
    %store/vec4 v0x55c1538d6bf0_0, 0, 2;
    %jmp T_6.1;
T_6.0 ;
    %load/vec4 v0x55c1538d6b30_0;
    %store/vec4 v0x55c1538d6bf0_0, 0, 2;
T_6.1 ;
    %load/vec4 v0x55c1538d6bf0_0;
    %dup/vec4;
    %load/vec4 v0x55c1538d6d50_0;
    %cmp/u;
    %jmp/1 T_6.2, 6;
    %dup/vec4;
    %load/vec4 v0x55c1538d62d0_0;
    %cmp/u;
    %jmp/1 T_6.3, 6;
    %dup/vec4;
    %load/vec4 v0x55c1538d66b0_0;
    %cmp/u;
    %jmp/1 T_6.4, 6;
    %dup/vec4;
    %load/vec4 v0x55c1538d69b0_0;
    %cmp/u;
    %jmp/1 T_6.5, 6;
    %load/vec4 v0x55c1538d6d50_0;
    %store/vec4 v0x55c1538d6b30_0, 0, 2;
    %jmp T_6.7;
T_6.2 ;
    %load/vec4 v0x55c1538d6e30_0;
    %flag_set/vec4 8;
    %jmp/0xz  T_6.8, 8;
    %load/vec4 v0x55c1538d62d0_0;
    %store/vec4 v0x55c1538d6b30_0, 0, 2;
    %jmp T_6.9;
T_6.8 ;
    %load/vec4 v0x55c1538d6d50_0;
    %store/vec4 v0x55c1538d6b30_0, 0, 2;
T_6.9 ;
    %jmp T_6.7;
T_6.3 ;
    %load/vec4 v0x55c1538d63b0_0;
    %flag_set/vec4 8;
    %jmp/0xz  T_6.10, 8;
    %load/vec4 v0x55c1538d66b0_0;
    %store/vec4 v0x55c1538d6b30_0, 0, 2;
    %jmp T_6.11;
T_6.10 ;
    %load/vec4 v0x55c1538d62d0_0;
    %store/vec4 v0x55c1538d6b30_0, 0, 2;
T_6.11 ;
    %jmp T_6.7;
T_6.4 ;
    %load/vec4 v0x55c1538d6770_0;
    %flag_set/vec4 8;
    %jmp/0xz  T_6.12, 8;
    %load/vec4 v0x55c1538d69b0_0;
    %store/vec4 v0x55c1538d6b30_0, 0, 2;
    %jmp T_6.13;
T_6.12 ;
    %load/vec4 v0x55c1538d69b0_0;
    %store/vec4 v0x55c1538d6b30_0, 0, 2;
T_6.13 ;
    %jmp T_6.7;
T_6.5 ;
    %load/vec4 v0x55c1538d6a90_0;
    %flag_set/vec4 8;
    %jmp/0xz  T_6.14, 8;
    %load/vec4 v0x55c1538d6d50_0;
    %store/vec4 v0x55c1538d6b30_0, 0, 2;
    %jmp T_6.15;
T_6.14 ;
    %load/vec4 v0x55c1538d66b0_0;
    %store/vec4 v0x55c1538d6b30_0, 0, 2;
T_6.15 ;
    %jmp T_6.7;
T_6.7 ;
    %pop/vec4 1;
    %jmp T_6;
    .thread T_6, $push;
    .scope S_0x55c1538a0c60;
T_7 ;
    %pushi/vec4 13, 0, 4;
    %store/vec4 v0x55c1538d7110_0, 0, 4;
    %pushi/vec4 0, 0, 1;
    %store/vec4 v0x55c1538d7070_0, 0, 1;
    %pushi/vec4 0, 0, 1;
    %store/vec4 v0x55c1538d7350_0, 0, 1;
    %pushi/vec4 1, 0, 1;
    %store/vec4 v0x55c1538d71e0_0, 0, 1;
    %vpi_call 2 17 "$dumpfile", "station_if_tb.vcd" {0 0 0};
    %vpi_call 2 18 "$dumpvars" {0 0 0};
    %pushi/vec4 0, 0, 32;
    %store/vec4 v0x55c1538d72b0_0, 0, 32;
T_7.0 ;
    %load/vec4 v0x55c1538d72b0_0;
    %cmpi/s 500, 0, 32;
    %jmp/0xz T_7.1, 5;
    %load/vec4 v0x55c1538d7070_0;
    %inv;
    %store/vec4 v0x55c1538d7070_0, 0, 1;
    %delay 1000, 0;
    %load/vec4 v0x55c1538d72b0_0;
    %addi 1, 0, 32;
    %store/vec4 v0x55c1538d72b0_0, 0, 32;
    %jmp T_7.0;
T_7.1 ;
    %end;
    .thread T_7;
# The file index is used to find the file name in the following table.
:file_names 9;
    "N/A";
    "<interactive>";
    "station_if_tb.sv";
    "station_if.sv";
    "beep.sv";
    "database.sv";
    "decoder_2x4.sv";
    "LED.sv";
    "scanner.sv";
