#! /usr/bin/vvp
:ivl_version "11.0 (stable)";
:ivl_delay_selection "TYPICAL";
:vpi_time_precision - 11;
:vpi_module "/usr/lib/x86_64-linux-gnu/ivl/system.vpi";
:vpi_module "/usr/lib/x86_64-linux-gnu/ivl/vhdl_sys.vpi";
:vpi_module "/usr/lib/x86_64-linux-gnu/ivl/vhdl_textio.vpi";
:vpi_module "/usr/lib/x86_64-linux-gnu/ivl/v2005_math.vpi";
:vpi_module "/usr/lib/x86_64-linux-gnu/ivl/va_math.vpi";
S_0x558430b5b1a0 .scope module, "sensor_if_tb" "sensor_if_tb" 2 3;
 .timescale -9 -11;
v0x558430b71830_0 .var "clk", 0 0;
v0x558430b718f0_0 .var/i "i", 31 0;
v0x558430b719b0_0 .net "passed", 0 0, L_0x558430b71c70;  1 drivers
v0x558430b71ab0_0 .var "reset", 0 0;
v0x558430b71b80_0 .var "sens_active", 0 0;
S_0x558430b5b330 .scope module, "sensor" "sensor_if" 2 35, 3 1 0, S_0x558430b5b1a0;
 .timescale 0 0;
    .port_info 0 /INPUT 1 "sens_active";
    .port_info 1 /INPUT 1 "reset";
    .port_info 2 /INPUT 1 "clk";
    .port_info 3 /OUTPUT 1 "passed";
L_0x558430b71c70 .functor BUFZ 1, v0x558430b20f30_0, C4<0>, C4<0>, C4<0>;
v0x558430b21190_0 .net "clk", 0 0, v0x558430b71830_0;  1 drivers
v0x558430b20f30_0 .var "compleated", 0 0;
v0x558430b71370_0 .net "passed", 0 0, L_0x558430b71c70;  alias, 1 drivers
v0x558430b71440_0 .net "reset", 0 0, v0x558430b71ab0_0;  1 drivers
v0x558430b71500_0 .net "sens_active", 0 0, v0x558430b71b80_0;  1 drivers
v0x558430b71610_0 .var "shift_reg", 254 0;
v0x558430b716f0_0 .var "uninterupted", 0 0;
E_0x558430b1f800 .event posedge, v0x558430b21190_0;
    .scope S_0x558430b5b330;
T_0 ;
    %wait E_0x558430b1f800;
    %load/vec4 v0x558430b71440_0;
    %inv;
    %load/vec4 v0x558430b71500_0;
    %and;
    %load/vec4 v0x558430b716f0_0;
    %inv;
    %and;
    %flag_set/vec4 8;
    %jmp/0xz  T_0.0, 8;
    %load/vec4 v0x558430b71610_0;
    %parti/s 254, 0, 2;
    %load/vec4 v0x558430b71500_0;
    %concat/vec4; draw_concat_vec4
    %assign/vec4 v0x558430b71610_0, 0;
    %load/vec4 v0x558430b71610_0;
    %parti/s 1, 254, 9;
    %flag_set/vec4 8;
    %jmp/0xz  T_0.2, 8;
    %pushi/vec4 1, 0, 1;
    %store/vec4 v0x558430b716f0_0, 0, 1;
    %pushi/vec4 0, 0, 255;
    %assign/vec4 v0x558430b71610_0, 0;
T_0.2 ;
T_0.0 ;
    %load/vec4 v0x558430b71440_0;
    %inv;
    %load/vec4 v0x558430b716f0_0;
    %and;
    %load/vec4 v0x558430b71500_0;
    %inv;
    %and;
    %flag_set/vec4 8;
    %jmp/0xz  T_0.4, 8;
    %load/vec4 v0x558430b71610_0;
    %parti/s 254, 0, 2;
    %load/vec4 v0x558430b71500_0;
    %inv;
    %concat/vec4; draw_concat_vec4
    %assign/vec4 v0x558430b71610_0, 0;
T_0.4 ;
    %load/vec4 v0x558430b716f0_0;
    %load/vec4 v0x558430b71610_0;
    %parti/s 1, 254, 9;
    %and;
    %load/vec4 v0x558430b71500_0;
    %inv;
    %and;
    %flag_set/vec4 8;
    %jmp/0xz  T_0.6, 8;
    %pushi/vec4 1, 0, 1;
    %store/vec4 v0x558430b20f30_0, 0, 1;
T_0.6 ;
    %load/vec4 v0x558430b71440_0;
    %flag_set/vec4 8;
    %jmp/0xz  T_0.8, 8;
    %pushi/vec4 0, 0, 255;
    %assign/vec4 v0x558430b71610_0, 0;
    %pushi/vec4 0, 0, 1;
    %store/vec4 v0x558430b20f30_0, 0, 1;
    %pushi/vec4 0, 0, 1;
    %store/vec4 v0x558430b716f0_0, 0, 1;
T_0.8 ;
    %jmp T_0;
    .thread T_0;
    .scope S_0x558430b5b1a0;
T_1 ;
    %vpi_call 2 12 "$dumpfile", "sensor_if_tb.vcd" {0 0 0};
    %vpi_call 2 13 "$dumpvars" {0 0 0};
    %pushi/vec4 1, 0, 1;
    %store/vec4 v0x558430b71b80_0, 0, 1;
    %pushi/vec4 0, 0, 1;
    %store/vec4 v0x558430b71ab0_0, 0, 1;
    %pushi/vec4 0, 0, 1;
    %store/vec4 v0x558430b71830_0, 0, 1;
    %pushi/vec4 0, 0, 32;
    %store/vec4 v0x558430b718f0_0, 0, 32;
T_1.0 ;
    %load/vec4 v0x558430b718f0_0;
    %cmpi/s 5000, 0, 32;
    %jmp/0xz T_1.1, 5;
    %load/vec4 v0x558430b71830_0;
    %inv;
    %store/vec4 v0x558430b71830_0, 0, 1;
    %delay 1000, 0;
    %pushi/vec4 400, 0, 32;
    %load/vec4 v0x558430b718f0_0;
    %cmp/s;
    %flag_get/vec4 4;
    %flag_get/vec4 5;
    %or;
    %load/vec4 v0x558430b718f0_0;
    %cmpi/s 410, 0, 32;
    %flag_get/vec4 4;
    %flag_get/vec4 5;
    %or;
    %and;
    %flag_set/vec4 8;
    %jmp/0xz  T_1.2, 8;
    %pushi/vec4 1, 0, 1;
    %store/vec4 v0x558430b71ab0_0, 0, 1;
    %jmp T_1.3;
T_1.2 ;
    %pushi/vec4 0, 0, 1;
    %store/vec4 v0x558430b71ab0_0, 0, 1;
T_1.3 ;
    %load/vec4 v0x558430b718f0_0;
    %cmpi/s 1000, 0, 32;
    %flag_inv 5; GE is !LT
    %jmp/0xz  T_1.4, 5;
    %pushi/vec4 0, 0, 1;
    %store/vec4 v0x558430b71b80_0, 0, 1;
T_1.4 ;
    %load/vec4 v0x558430b718f0_0;
    %addi 1, 0, 32;
    %store/vec4 v0x558430b718f0_0, 0, 32;
    %jmp T_1.0;
T_1.1 ;
    %end;
    .thread T_1;
# The file index is used to find the file name in the following table.
:file_names 4;
    "N/A";
    "<interactive>";
    "sensor_if_tb.sv";
    "sensor_if.sv";
