#! /usr/bin/vvp
:ivl_version "11.0 (stable)";
:ivl_delay_selection "TYPICAL";
:vpi_time_precision - 11;
:vpi_module "/usr/lib/x86_64-linux-gnu/ivl/system.vpi";
:vpi_module "/usr/lib/x86_64-linux-gnu/ivl/vhdl_sys.vpi";
:vpi_module "/usr/lib/x86_64-linux-gnu/ivl/vhdl_textio.vpi";
:vpi_module "/usr/lib/x86_64-linux-gnu/ivl/v2005_math.vpi";
:vpi_module "/usr/lib/x86_64-linux-gnu/ivl/va_math.vpi";
S_0x556564418a30 .scope module, "display_if_tb" "display_if_tb" 2 3;
 .timescale -9 -11;
v0x55656442e510_0 .var "bcd", 7 0;
v0x55656442e5f0_0 .var "enable_segment", 3 0;
v0x55656442e700_0 .net "seg", 15 0, v0x55656442de20_0;  1 drivers
v0x55656442e7d0_0 .net "segtwo", 15 0, v0x55656442e3c0_0;  1 drivers
L_0x55656442e8a0 .part v0x55656442e510_0, 0, 4;
L_0x55656442e9a0 .part v0x55656442e510_0, 4, 4;
S_0x556564418bc0 .scope module, "display1" "display_if" 2 28, 3 1 0, S_0x556564418a30;
 .timescale 0 0;
    .port_info 0 /INPUT 4 "bcd";
    .port_info 1 /INPUT 4 "enable_segment";
    .port_info 2 /OUTPUT 16 "seg";
v0x556564418da0_0 .net "bcd", 3 0, L_0x55656442e8a0;  1 drivers
v0x55656442dd40_0 .net "enable_segment", 3 0, v0x55656442e5f0_0;  1 drivers
v0x55656442de20_0 .var "seg", 15 0;
E_0x5565643de2b0 .event edge, v0x55656442dd40_0, v0x556564418da0_0;
S_0x55656442df60 .scope module, "display2" "display_if" 2 29, 3 1 0, S_0x556564418a30;
 .timescale 0 0;
    .port_info 0 /INPUT 4 "bcd";
    .port_info 1 /INPUT 4 "enable_segment";
    .port_info 2 /OUTPUT 16 "seg";
v0x55656442e1d0_0 .net "bcd", 3 0, L_0x55656442e9a0;  1 drivers
v0x55656442e2d0_0 .net "enable_segment", 3 0, v0x55656442e5f0_0;  alias, 1 drivers
v0x55656442e3c0_0 .var "seg", 15 0;
E_0x5565643de590 .event edge, v0x55656442dd40_0, v0x55656442e1d0_0;
    .scope S_0x556564418bc0;
T_0 ;
    %wait E_0x5565643de2b0;
    %load/vec4 v0x55656442dd40_0;
    %cmpi/ne 0, 0, 4;
    %jmp/0xz  T_0.0, 4;
    %load/vec4 v0x556564418da0_0;
    %dup/vec4;
    %pushi/vec4 0, 0, 4;
    %cmp/u;
    %jmp/1 T_0.2, 6;
    %dup/vec4;
    %pushi/vec4 1, 0, 4;
    %cmp/u;
    %jmp/1 T_0.3, 6;
    %dup/vec4;
    %pushi/vec4 2, 0, 4;
    %cmp/u;
    %jmp/1 T_0.4, 6;
    %dup/vec4;
    %pushi/vec4 3, 0, 4;
    %cmp/u;
    %jmp/1 T_0.5, 6;
    %dup/vec4;
    %pushi/vec4 4, 0, 4;
    %cmp/u;
    %jmp/1 T_0.6, 6;
    %dup/vec4;
    %pushi/vec4 5, 0, 4;
    %cmp/u;
    %jmp/1 T_0.7, 6;
    %dup/vec4;
    %pushi/vec4 6, 0, 4;
    %cmp/u;
    %jmp/1 T_0.8, 6;
    %dup/vec4;
    %pushi/vec4 7, 0, 4;
    %cmp/u;
    %jmp/1 T_0.9, 6;
    %dup/vec4;
    %pushi/vec4 8, 0, 4;
    %cmp/u;
    %jmp/1 T_0.10, 6;
    %dup/vec4;
    %pushi/vec4 9, 0, 4;
    %cmp/u;
    %jmp/1 T_0.11, 6;
    %pushi/vec4 0, 0, 16;
    %store/vec4 v0x55656442de20_0, 0, 16;
    %jmp T_0.13;
T_0.2 ;
    %pushi/vec4 32646, 0, 16;
    %store/vec4 v0x55656442de20_0, 0, 16;
    %jmp T_0.13;
T_0.3 ;
    %pushi/vec4 12288, 0, 16;
    %store/vec4 v0x55656442de20_0, 0, 16;
    %jmp T_0.13;
T_0.4 ;
    %pushi/vec4 28384, 0, 16;
    %store/vec4 v0x55656442de20_0, 0, 16;
    %jmp T_0.13;
T_0.5 ;
    %pushi/vec4 31936, 0, 16;
    %store/vec4 v0x55656442de20_0, 0, 16;
    %jmp T_0.13;
T_0.6 ;
    %pushi/vec4 12640, 0, 16;
    %store/vec4 v0x55656442de20_0, 0, 16;
    %jmp T_0.13;
T_0.7 ;
    %pushi/vec4 24032, 0, 16;
    %store/vec4 v0x55656442de20_0, 0, 16;
    %jmp T_0.13;
T_0.8 ;
    %pushi/vec4 24544, 0, 16;
    %store/vec4 v0x55656442de20_0, 0, 16;
    %jmp T_0.13;
T_0.9 ;
    %pushi/vec4 28928, 0, 16;
    %store/vec4 v0x55656442de20_0, 0, 16;
    %jmp T_0.13;
T_0.10 ;
    %pushi/vec4 32736, 0, 16;
    %store/vec4 v0x55656442de20_0, 0, 16;
    %jmp T_0.13;
T_0.11 ;
    %pushi/vec4 32224, 0, 16;
    %store/vec4 v0x55656442de20_0, 0, 16;
    %jmp T_0.13;
T_0.13 ;
    %pop/vec4 1;
T_0.0 ;
    %jmp T_0;
    .thread T_0, $push;
    .scope S_0x55656442df60;
T_1 ;
    %wait E_0x5565643de590;
    %load/vec4 v0x55656442e2d0_0;
    %cmpi/ne 0, 0, 4;
    %jmp/0xz  T_1.0, 4;
    %load/vec4 v0x55656442e1d0_0;
    %dup/vec4;
    %pushi/vec4 0, 0, 4;
    %cmp/u;
    %jmp/1 T_1.2, 6;
    %dup/vec4;
    %pushi/vec4 1, 0, 4;
    %cmp/u;
    %jmp/1 T_1.3, 6;
    %dup/vec4;
    %pushi/vec4 2, 0, 4;
    %cmp/u;
    %jmp/1 T_1.4, 6;
    %dup/vec4;
    %pushi/vec4 3, 0, 4;
    %cmp/u;
    %jmp/1 T_1.5, 6;
    %dup/vec4;
    %pushi/vec4 4, 0, 4;
    %cmp/u;
    %jmp/1 T_1.6, 6;
    %dup/vec4;
    %pushi/vec4 5, 0, 4;
    %cmp/u;
    %jmp/1 T_1.7, 6;
    %dup/vec4;
    %pushi/vec4 6, 0, 4;
    %cmp/u;
    %jmp/1 T_1.8, 6;
    %dup/vec4;
    %pushi/vec4 7, 0, 4;
    %cmp/u;
    %jmp/1 T_1.9, 6;
    %dup/vec4;
    %pushi/vec4 8, 0, 4;
    %cmp/u;
    %jmp/1 T_1.10, 6;
    %dup/vec4;
    %pushi/vec4 9, 0, 4;
    %cmp/u;
    %jmp/1 T_1.11, 6;
    %pushi/vec4 0, 0, 16;
    %store/vec4 v0x55656442e3c0_0, 0, 16;
    %jmp T_1.13;
T_1.2 ;
    %pushi/vec4 32646, 0, 16;
    %store/vec4 v0x55656442e3c0_0, 0, 16;
    %jmp T_1.13;
T_1.3 ;
    %pushi/vec4 12288, 0, 16;
    %store/vec4 v0x55656442e3c0_0, 0, 16;
    %jmp T_1.13;
T_1.4 ;
    %pushi/vec4 28384, 0, 16;
    %store/vec4 v0x55656442e3c0_0, 0, 16;
    %jmp T_1.13;
T_1.5 ;
    %pushi/vec4 31936, 0, 16;
    %store/vec4 v0x55656442e3c0_0, 0, 16;
    %jmp T_1.13;
T_1.6 ;
    %pushi/vec4 12640, 0, 16;
    %store/vec4 v0x55656442e3c0_0, 0, 16;
    %jmp T_1.13;
T_1.7 ;
    %pushi/vec4 24032, 0, 16;
    %store/vec4 v0x55656442e3c0_0, 0, 16;
    %jmp T_1.13;
T_1.8 ;
    %pushi/vec4 24544, 0, 16;
    %store/vec4 v0x55656442e3c0_0, 0, 16;
    %jmp T_1.13;
T_1.9 ;
    %pushi/vec4 28928, 0, 16;
    %store/vec4 v0x55656442e3c0_0, 0, 16;
    %jmp T_1.13;
T_1.10 ;
    %pushi/vec4 32736, 0, 16;
    %store/vec4 v0x55656442e3c0_0, 0, 16;
    %jmp T_1.13;
T_1.11 ;
    %pushi/vec4 32224, 0, 16;
    %store/vec4 v0x55656442e3c0_0, 0, 16;
    %jmp T_1.13;
T_1.13 ;
    %pop/vec4 1;
T_1.0 ;
    %jmp T_1;
    .thread T_1, $push;
    .scope S_0x556564418a30;
T_2 ;
    %pushi/vec4 0, 0, 8;
    %store/vec4 v0x55656442e510_0, 0, 8;
    %end;
    .thread T_2;
    .scope S_0x556564418a30;
T_3 ;
    %vpi_call 2 15 "$dumpfile", "display_if_tb.vcd" {0 0 0};
    %vpi_call 2 16 "$dumpvars" {0 0 0};
    %pushi/vec4 1, 0, 4;
    %store/vec4 v0x55656442e5f0_0, 0, 4;
    %pushi/vec4 3, 0, 8;
    %store/vec4 v0x55656442e510_0, 0, 8;
    %delay 5000, 0;
    %vpi_call 2 23 "$stop" {0 0 0};
    %end;
    .thread T_3;
# The file index is used to find the file name in the following table.
:file_names 4;
    "N/A";
    "<interactive>";
    "display_if_tb.sv";
    "display_if.sv";
